<?xml version="1.0" encoding="UTF-8"?>
<testng-results skipped="0" failed="0" ignored="0" total="1" passed="1">
  <reporter-output>
  </reporter-output>
  <suite name="Suite" duration-ms="12695" started-at="2017-04-11T07:48:08Z" finished-at="2017-04-11T07:48:20Z">
    <groups>
    </groups>
    <test name="Test" duration-ms="12695" started-at="2017-04-11T07:48:08Z" finished-at="2017-04-11T07:48:20Z">
      <class name="filpkart_project.PurchaseFrige">
        <test-method status="PASS" signature="purchase()[pri:0, instance:filpkart_project.PurchaseFrige@dfd3711]" name="purchase" duration-ms="12672" started-at="2017-04-11T13:18:08Z" finished-at="2017-04-11T13:18:20Z">
          <reporter-output>
          </reporter-output>
        </test-method> <!-- purchase -->
      </class> <!-- filpkart_project.PurchaseFrige -->
    </test> <!-- Test -->
  </suite> <!-- Suite -->
</testng-results>
